<?xml version="1.0" encoding="UTF-8"?>
<testsuite name="org.africalib.gallery.backend.BackendApplicationTests" tests="1" skipped="0" failures="0" errors="0" timestamp="2024-02-24T07:27:50" hostname="NICKBREEZE" time="1.13">
  <properties/>
  <testcase name="contextLoads()" classname="org.africalib.gallery.backend.BackendApplicationTests" time="1.13"/>
  <system-out><![CDATA[16:27:40.846 [Test worker] INFO org.springframework.test.context.support.AnnotationConfigContextLoaderUtils -- Could not detect default configuration classes for test class [org.africalib.gallery.backend.BackendApplicationTests]: BackendApplicationTests does not declare any static, non-private, non-final, nested classes annotated with @Configuration.
16:27:41.113 [Test worker] INFO org.springframework.boot.test.context.SpringBootTestContextBootstrapper -- Found @SpringBootConfiguration org.africalib.gallery.backend.BackendApplication for test class org.africalib.gallery.backend.BackendApplicationTests

  .   ____          _            __ _ _
 /\\ / ___'_ __ _ _(_)_ __  __ _ \ \ \ \
( ( )\___ | '_ | '_| | '_ \/ _` | \ \ \ \
 \\/  ___)| |_)| | | | | || (_| |  ) ) ) )
  '  |____| .__|_| |_|_| |_\__, | / / / /
 =========|_|==============|___/=/_/_/_/
 :: Spring Boot ::                (v3.2.2)

2024-02-24T16:27:42.138+09:00  INFO 31508 --- [    Test worker] o.a.g.backend.BackendApplicationTests    : Starting BackendApplicationTests using Java 17.0.10 with PID 31508 (started by bluea in C:\nickbreeze7\gallery\backend)
2024-02-24T16:27:42.138+09:00  INFO 31508 --- [    Test worker] o.a.g.backend.BackendApplicationTests    : No active profile set, falling back to 1 default profile: "default"
2024-02-24T16:27:43.655+09:00  INFO 31508 --- [    Test worker] .s.d.r.c.RepositoryConfigurationDelegate : Bootstrapping Spring Data JPA repositories in DEFAULT mode.
2024-02-24T16:27:43.808+09:00  INFO 31508 --- [    Test worker] .s.d.r.c.RepositoryConfigurationDelegate : Finished Spring Data repository scanning in 125 ms. Found 1 JPA repository interface.
2024-02-24T16:27:44.899+09:00  INFO 31508 --- [    Test worker] com.zaxxer.hikari.HikariDataSource       : HikariPool-1 - Starting...
2024-02-24T16:27:45.166+09:00  INFO 31508 --- [    Test worker] com.zaxxer.hikari.pool.HikariPool        : HikariPool-1 - Added connection org.mariadb.jdbc.Connection@6c17c0f8
2024-02-24T16:27:45.166+09:00  INFO 31508 --- [    Test worker] com.zaxxer.hikari.HikariDataSource       : HikariPool-1 - Start completed.
2024-02-24T16:27:45.295+09:00  INFO 31508 --- [    Test worker] o.hibernate.jpa.internal.util.LogHelper  : HHH000204: Processing PersistenceUnitInfo [name: default]
2024-02-24T16:27:45.479+09:00  INFO 31508 --- [    Test worker] org.hibernate.Version                    : HHH000412: Hibernate ORM core version 6.4.1.Final
2024-02-24T16:27:45.573+09:00  INFO 31508 --- [    Test worker] o.h.c.internal.RegionFactoryInitiator    : HHH000026: Second-level cache disabled
2024-02-24T16:27:46.217+09:00  INFO 31508 --- [    Test worker] o.s.o.j.p.SpringPersistenceUnitInfo      : No LoadTimeWeaver setup: ignoring JPA class transformer
2024-02-24T16:27:48.491+09:00  INFO 31508 --- [    Test worker] o.h.e.t.j.p.i.JtaPlatformInitiator       : HHH000489: No JTA platform available (set 'hibernate.transaction.jta.platform' to enable JTA platform integration)
2024-02-24T16:27:48.491+09:00  INFO 31508 --- [    Test worker] j.LocalContainerEntityManagerFactoryBean : Initialized JPA EntityManagerFactory for persistence unit 'default'
2024-02-24T16:27:49.453+09:00  WARN 31508 --- [    Test worker] JpaBaseConfiguration$JpaWebConfiguration : spring.jpa.open-in-view is enabled by default. Therefore, database queries may be performed during view rendering. Explicitly configure spring.jpa.open-in-view to disable this warning
2024-02-24T16:27:50.459+09:00  INFO 31508 --- [    Test worker] o.a.g.backend.BackendApplicationTests    : Started BackendApplicationTests in 8.919 seconds (process running for 12.465)
]]></system-out>
  <system-err><![CDATA[]]></system-err>
</testsuite>
